<?xml version="1.0" encoding="UTF-8"?>
<testsuite name="com.mindex.challenge.service.impl.EmployeeServiceImplTest" tests="1" skipped="0" failures="0" errors="0" timestamp="2021-03-21T04:49:47" hostname="Dhirajs-MacBook-Pro.local" time="0.072">
  <properties/>
  <testcase name="testCreateReadUpdate" classname="com.mindex.challenge.service.impl.EmployeeServiceImplTest" time="0.072"/>
  <system-out><![CDATA[2021-03-21 00:49:47.139  INFO 22800 --- [    Test worker] .b.t.c.SpringBootTestContextBootstrapper : Neither @ContextConfiguration nor @ContextHierarchy found for test class [com.mindex.challenge.service.impl.EmployeeServiceImplTest], using SpringBootContextLoader
2021-03-21 00:49:47.145  INFO 22800 --- [    Test worker] o.s.t.c.support.AbstractContextLoader    : Could not detect default resource locations for test class [com.mindex.challenge.service.impl.EmployeeServiceImplTest]: no resource found for suffixes {-context.xml, Context.groovy}.
2021-03-21 00:49:47.146  INFO 22800 --- [    Test worker] t.c.s.AnnotationConfigContextLoaderUtils : Could not detect default configuration classes for test class [com.mindex.challenge.service.impl.EmployeeServiceImplTest]: EmployeeServiceImplTest does not declare any static, non-private, non-final, nested classes annotated with @Configuration.
2021-03-21 00:49:47.151  INFO 22800 --- [    Test worker] .b.t.c.SpringBootTestContextBootstrapper : Found @SpringBootConfiguration com.mindex.challenge.ChallengeApplication for test class com.mindex.challenge.service.impl.EmployeeServiceImplTest
2021-03-21 00:49:47.155  INFO 22800 --- [    Test worker] .b.t.c.SpringBootTestContextBootstrapper : Loaded default TestExecutionListener class names from location [META-INF/spring.factories]: [org.springframework.boot.test.autoconfigure.restdocs.RestDocsTestExecutionListener, org.springframework.boot.test.autoconfigure.web.client.MockRestServiceServerResetTestExecutionListener, org.springframework.boot.test.autoconfigure.web.servlet.MockMvcPrintOnlyOnFailureTestExecutionListener, org.springframework.boot.test.autoconfigure.web.servlet.WebDriverTestExecutionListener, org.springframework.boot.test.mock.mockito.MockitoTestExecutionListener, org.springframework.boot.test.mock.mockito.ResetMocksTestExecutionListener, org.springframework.test.context.web.ServletTestExecutionListener, org.springframework.test.context.support.DirtiesContextBeforeModesTestExecutionListener, org.springframework.test.context.support.DependencyInjectionTestExecutionListener, org.springframework.test.context.support.DirtiesContextTestExecutionListener, org.springframework.test.context.transaction.TransactionalTestExecutionListener, org.springframework.test.context.jdbc.SqlScriptsTestExecutionListener, org.springframework.test.context.event.EventPublishingTestExecutionListener]
2021-03-21 00:49:47.156  INFO 22800 --- [    Test worker] .b.t.c.SpringBootTestContextBootstrapper : Using TestExecutionListeners: [org.springframework.test.context.web.ServletTestExecutionListener@eaf5f4, org.springframework.test.context.support.DirtiesContextBeforeModesTestExecutionListener@33ec1a7b, org.springframework.boot.test.mock.mockito.MockitoTestExecutionListener@5dd8a4e5, org.springframework.boot.test.autoconfigure.SpringBootDependencyInjectionTestExecutionListener@7898bafe, org.springframework.test.context.support.DirtiesContextTestExecutionListener@2f8aa54c, org.springframework.test.context.transaction.TransactionalTestExecutionListener@7c665d04, org.springframework.test.context.jdbc.SqlScriptsTestExecutionListener@648131e1, org.springframework.test.context.event.EventPublishingTestExecutionListener@597328c5, org.springframework.boot.test.autoconfigure.restdocs.RestDocsTestExecutionListener@23a94662, org.springframework.boot.test.autoconfigure.web.client.MockRestServiceServerResetTestExecutionListener@6de9b16e, org.springframework.boot.test.autoconfigure.web.servlet.MockMvcPrintOnlyOnFailureTestExecutionListener@a9b0b, org.springframework.boot.test.autoconfigure.web.servlet.WebDriverTestExecutionListener@40ffaecf, org.springframework.boot.test.mock.mockito.ResetMocksTestExecutionListener@290c7ae4]
2021-03-21 00:49:47.183 DEBUG 22800 --- [o-auto-1-exec-4] c.m.c.controller.EmployeeController      : Received employee create request for [com.mindex.challenge.data.Employee@28622733]
2021-03-21 00:49:47.183 DEBUG 22800 --- [o-auto-1-exec-4] c.m.c.service.impl.EmployeeServiceImpl   : Creating employee [com.mindex.challenge.data.Employee@28622733]
2021-03-21 00:49:47.198 DEBUG 22800 --- [o-auto-1-exec-5] c.m.c.controller.EmployeeController      : Received employee create request for id [a5de189c-871b-4b70-8442-37c5e1f2e808]
2021-03-21 00:49:47.198 DEBUG 22800 --- [o-auto-1-exec-5] c.m.c.service.impl.EmployeeServiceImpl   : Creating employee with id [a5de189c-871b-4b70-8442-37c5e1f2e808]
2021-03-21 00:49:47.223 DEBUG 22800 --- [o-auto-1-exec-6] c.m.c.controller.EmployeeController      : Received employee create request for id [a5de189c-871b-4b70-8442-37c5e1f2e808] and employee [com.mindex.challenge.data.Employee@3df6293e]
2021-03-21 00:49:47.224 DEBUG 22800 --- [o-auto-1-exec-6] c.m.c.service.impl.EmployeeServiceImpl   : Updating employee [com.mindex.challenge.data.Employee@3df6293e]
]]></system-out>
  <system-err><![CDATA[]]></system-err>
</testsuite>
