<?xml version="1.0" encoding="UTF-8"?>
<testsuite name="com.mindex.challenge.service.impl.ReportingStructureServiceImplTest" tests="1" skipped="0" failures="0" errors="0" timestamp="2021-03-21T04:49:47" hostname="Dhirajs-MacBook-Pro.local" time="0.078">
  <properties/>
  <testcase name="testRead" classname="com.mindex.challenge.service.impl.ReportingStructureServiceImplTest" time="0.078"/>
  <system-out><![CDATA[2021-03-21 00:49:47.029  INFO 22800 --- [    Test worker] .b.t.c.SpringBootTestContextBootstrapper : Neither @ContextConfiguration nor @ContextHierarchy found for test class [com.mindex.challenge.service.impl.ReportingStructureServiceImplTest], using SpringBootContextLoader
2021-03-21 00:49:47.034  INFO 22800 --- [    Test worker] o.s.t.c.support.AbstractContextLoader    : Could not detect default resource locations for test class [com.mindex.challenge.service.impl.ReportingStructureServiceImplTest]: no resource found for suffixes {-context.xml, Context.groovy}.
2021-03-21 00:49:47.035  INFO 22800 --- [    Test worker] t.c.s.AnnotationConfigContextLoaderUtils : Could not detect default configuration classes for test class [com.mindex.challenge.service.impl.ReportingStructureServiceImplTest]: ReportingStructureServiceImplTest does not declare any static, non-private, non-final, nested classes annotated with @Configuration.
2021-03-21 00:49:47.037  INFO 22800 --- [    Test worker] .b.t.c.SpringBootTestContextBootstrapper : Found @SpringBootConfiguration com.mindex.challenge.ChallengeApplication for test class com.mindex.challenge.service.impl.ReportingStructureServiceImplTest
2021-03-21 00:49:47.039  INFO 22800 --- [    Test worker] .b.t.c.SpringBootTestContextBootstrapper : Loaded default TestExecutionListener class names from location [META-INF/spring.factories]: [org.springframework.boot.test.autoconfigure.restdocs.RestDocsTestExecutionListener, org.springframework.boot.test.autoconfigure.web.client.MockRestServiceServerResetTestExecutionListener, org.springframework.boot.test.autoconfigure.web.servlet.MockMvcPrintOnlyOnFailureTestExecutionListener, org.springframework.boot.test.autoconfigure.web.servlet.WebDriverTestExecutionListener, org.springframework.boot.test.mock.mockito.MockitoTestExecutionListener, org.springframework.boot.test.mock.mockito.ResetMocksTestExecutionListener, org.springframework.test.context.web.ServletTestExecutionListener, org.springframework.test.context.support.DirtiesContextBeforeModesTestExecutionListener, org.springframework.test.context.support.DependencyInjectionTestExecutionListener, org.springframework.test.context.support.DirtiesContextTestExecutionListener, org.springframework.test.context.transaction.TransactionalTestExecutionListener, org.springframework.test.context.jdbc.SqlScriptsTestExecutionListener, org.springframework.test.context.event.EventPublishingTestExecutionListener]
2021-03-21 00:49:47.040  INFO 22800 --- [    Test worker] .b.t.c.SpringBootTestContextBootstrapper : Using TestExecutionListeners: [org.springframework.test.context.web.ServletTestExecutionListener@7b21a3e2, org.springframework.test.context.support.DirtiesContextBeforeModesTestExecutionListener@177c5b6d, org.springframework.boot.test.mock.mockito.MockitoTestExecutionListener@abf4b54, org.springframework.boot.test.autoconfigure.SpringBootDependencyInjectionTestExecutionListener@54c51382, org.springframework.test.context.support.DirtiesContextTestExecutionListener@228d944b, org.springframework.test.context.transaction.TransactionalTestExecutionListener@575f0444, org.springframework.test.context.jdbc.SqlScriptsTestExecutionListener@27ca0010, org.springframework.test.context.event.EventPublishingTestExecutionListener@5bef5e68, org.springframework.boot.test.autoconfigure.restdocs.RestDocsTestExecutionListener@158eb692, org.springframework.boot.test.autoconfigure.web.client.MockRestServiceServerResetTestExecutionListener@3a5ced43, org.springframework.boot.test.autoconfigure.web.servlet.MockMvcPrintOnlyOnFailureTestExecutionListener@4de1b098, org.springframework.boot.test.autoconfigure.web.servlet.WebDriverTestExecutionListener@6cdcab52, org.springframework.boot.test.mock.mockito.ResetMocksTestExecutionListener@c86aa7d]
2021-03-21 00:49:47.110 DEBUG 22800 --- [o-auto-1-exec-3] c.m.c.c.ReportingStructureController     : Received employee, fetching data for employee ID [03aa1462-ffa9-4978-901b-7c001562cf6f]
2021-03-21 00:49:47.112 DEBUG 22800 --- [o-auto-1-exec-3] c.m.c.s.i.ReportingStructureServiceImpl  : Getting employee with id [03aa1462-ffa9-4978-901b-7c001562cf6f]
2021-03-21 00:49:47.112 DEBUG 22800 --- [o-auto-1-exec-3] c.m.c.service.impl.EmployeeServiceImpl   : Creating employee with id [03aa1462-ffa9-4978-901b-7c001562cf6f]
2021-03-21 00:49:47.117 DEBUG 22800 --- [o-auto-1-exec-3] c.m.c.service.impl.EmployeeServiceImpl   : Getting  CountOfReports for ID [03aa1462-ffa9-4978-901b-7c001562cf6f]
2021-03-21 00:49:47.117 DEBUG 22800 --- [o-auto-1-exec-3] c.m.c.service.impl.EmployeeServiceImpl   : Creating employee with id [03aa1462-ffa9-4978-901b-7c001562cf6f]
2021-03-21 00:49:47.119 DEBUG 22800 --- [o-auto-1-exec-3] c.m.c.service.impl.EmployeeServiceImpl   : Getting  CountOfReports for ID [62c1084e-6e34-4630-93fd-9153afb65309]
2021-03-21 00:49:47.120 DEBUG 22800 --- [o-auto-1-exec-3] c.m.c.service.impl.EmployeeServiceImpl   : Creating employee with id [62c1084e-6e34-4630-93fd-9153afb65309]
2021-03-21 00:49:47.122 DEBUG 22800 --- [o-auto-1-exec-3] c.m.c.service.impl.EmployeeServiceImpl   : Getting  CountOfReports for ID [c0c2293d-16bd-4603-8e08-638a9d18b22c]
2021-03-21 00:49:47.122 DEBUG 22800 --- [o-auto-1-exec-3] c.m.c.service.impl.EmployeeServiceImpl   : Creating employee with id [c0c2293d-16bd-4603-8e08-638a9d18b22c]
]]></system-out>
  <system-err><![CDATA[]]></system-err>
</testsuite>
