<?xml version="1.0" encoding="UTF-8"?>
<testsuite name="com.mindex.challenge.ChallengeApplicationTests" tests="1" skipped="0" failures="0" errors="0" timestamp="2021-03-21T04:49:47" hostname="Dhirajs-MacBook-Pro.local" time="0.014">
  <properties/>
  <testcase name="contextLoads" classname="com.mindex.challenge.ChallengeApplicationTests" time="0.014"/>
  <system-out><![CDATA[2021-03-21 00:49:47.234  INFO 22800 --- [    Test worker] .b.t.c.SpringBootTestContextBootstrapper : Neither @ContextConfiguration nor @ContextHierarchy found for test class [com.mindex.challenge.ChallengeApplicationTests], using SpringBootContextLoader
2021-03-21 00:49:47.235  INFO 22800 --- [    Test worker] o.s.t.c.support.AbstractContextLoader    : Could not detect default resource locations for test class [com.mindex.challenge.ChallengeApplicationTests]: no resource found for suffixes {-context.xml, Context.groovy}.
2021-03-21 00:49:47.235  INFO 22800 --- [    Test worker] t.c.s.AnnotationConfigContextLoaderUtils : Could not detect default configuration classes for test class [com.mindex.challenge.ChallengeApplicationTests]: ChallengeApplicationTests does not declare any static, non-private, non-final, nested classes annotated with @Configuration.
2021-03-21 00:49:47.237  INFO 22800 --- [    Test worker] .b.t.c.SpringBootTestContextBootstrapper : Found @SpringBootConfiguration com.mindex.challenge.ChallengeApplication for test class com.mindex.challenge.ChallengeApplicationTests
2021-03-21 00:49:47.238  INFO 22800 --- [    Test worker] .b.t.c.SpringBootTestContextBootstrapper : Loaded default TestExecutionListener class names from location [META-INF/spring.factories]: [org.springframework.boot.test.autoconfigure.restdocs.RestDocsTestExecutionListener, org.springframework.boot.test.autoconfigure.web.client.MockRestServiceServerResetTestExecutionListener, org.springframework.boot.test.autoconfigure.web.servlet.MockMvcPrintOnlyOnFailureTestExecutionListener, org.springframework.boot.test.autoconfigure.web.servlet.WebDriverTestExecutionListener, org.springframework.boot.test.mock.mockito.MockitoTestExecutionListener, org.springframework.boot.test.mock.mockito.ResetMocksTestExecutionListener, org.springframework.test.context.web.ServletTestExecutionListener, org.springframework.test.context.support.DirtiesContextBeforeModesTestExecutionListener, org.springframework.test.context.support.DependencyInjectionTestExecutionListener, org.springframework.test.context.support.DirtiesContextTestExecutionListener, org.springframework.test.context.transaction.TransactionalTestExecutionListener, org.springframework.test.context.jdbc.SqlScriptsTestExecutionListener, org.springframework.test.context.event.EventPublishingTestExecutionListener]
2021-03-21 00:49:47.238  INFO 22800 --- [    Test worker] .b.t.c.SpringBootTestContextBootstrapper : Using TestExecutionListeners: [org.springframework.test.context.web.ServletTestExecutionListener@110c88ad, org.springframework.test.context.support.DirtiesContextBeforeModesTestExecutionListener@26b212a2, org.springframework.boot.test.mock.mockito.MockitoTestExecutionListener@57f88154, org.springframework.boot.test.autoconfigure.SpringBootDependencyInjectionTestExecutionListener@3cb9aa8, org.springframework.test.context.support.DirtiesContextTestExecutionListener@76f7239c, org.springframework.test.context.transaction.TransactionalTestExecutionListener@406618e2, org.springframework.test.context.jdbc.SqlScriptsTestExecutionListener@5307c39b, org.springframework.test.context.event.EventPublishingTestExecutionListener@cc61d89, org.springframework.boot.test.autoconfigure.restdocs.RestDocsTestExecutionListener@4362344e, org.springframework.boot.test.autoconfigure.web.client.MockRestServiceServerResetTestExecutionListener@33b395c8, org.springframework.boot.test.autoconfigure.web.servlet.MockMvcPrintOnlyOnFailureTestExecutionListener@5e45933e, org.springframework.boot.test.autoconfigure.web.servlet.WebDriverTestExecutionListener@6253f72a, org.springframework.boot.test.mock.mockito.ResetMocksTestExecutionListener@30c16f6a]
]]></system-out>
  <system-err><![CDATA[]]></system-err>
</testsuite>
